<?xml version="1.0" encoding="UTF-8" ?>
<testsuite tests="11" failures="0" name="com.qa.ims.InventoryManagerTest" time="2.063" errors="0" skipped="3">
  <properties>
[...]
</properties>
  <testcase classname="com.qa.ims.InventoryManagerTest" name="orderOrderlineInvalidTest" time="0.228"/>
  <testcase classname="com.qa.ims.InventoryManagerTest" name="allWithFirstHelpReadTest" time="0.511"/>
  <testcase classname="com.qa.ims.InventoryManagerTest" name="customerReadTest" time="0.166"/>
  <testcase classname="com.qa.ims.InventoryManagerTest" name="productReadTest" time="0.164"/>
  <testcase classname="com.qa.ims.InventoryManagerTest" name="invalidActionTest" time="0.164">
    <skipped/>
  </testcase>
  <testcase classname="com.qa.ims.InventoryManagerTest" name="invalidDomainTest" time="0.164">
    <skipped/>
  </testcase>
  <testcase classname="com.qa.ims.InventoryManagerTest" name="customerReadByNumberTest" time="0.173"/>
  <testcase classname="com.qa.ims.InventoryManagerTest" name="orderlineReturnTest" time="0.015"/>
  <testcase classname="com.qa.ims.InventoryManagerTest" name="orderReadTest" time="0.189"/>
  <testcase classname="com.qa.ims.InventoryManagerTest" name="wrongIP" time="0.19">
    <skipped/>
  </testcase>
  <testcase classname="com.qa.ims.InventoryManagerTest" name="wrongUsername" time="0.099"/>
</testsuite>